
Showing logs for build [32mcb-kubecd-environment-pr-237-1-vr62n-1[0m stage [32mfrom-build-pack[0m and container [32mstep-credential-initializer-hhdkk[0m
{"level":"info","ts":1592536104.0232728,"logger":"fallback-logger","caller":"logging/config.go:69","msg":"Fetch GitHub commit ID from kodata failed: open /var/run/ko/refs/heads/0.8.0-ns-support: no such file or directory"}
{"level":"info","ts":1592536104.0237973,"logger":"fallback-logger","caller":"creds-init/main.go:40","msg":"Credentials initialized."}

Showing logs for build [32mcb-kubecd-environment-pr-237-1-vr62n-1[0m stage [32mfrom-build-pack[0m and container [32mstep-working-dir-initializer-4z2bc[0m
{"level":"info","ts":1592536105.006282,"logger":"fallback-logger","caller":"logging/config.go:69","msg":"Fetch GitHub commit ID from kodata failed: open /var/run/ko/HEAD: no such file or directory"}
{"level":"info","ts":1592536105.0079195,"logger":"fallback-logger","caller":"bash/main.go:64","msg":"Successfully executed command \"sh -c mkdir -p /workspace/source\"; output "}

Showing logs for build [32mcb-kubecd-environment-pr-237-1-vr62n-1[0m stage [32mfrom-build-pack[0m and container [32mstep-place-tools[0m

Showing logs for build [32mcb-kubecd-environment-pr-237-1-vr62n-1[0m stage [32mfrom-build-pack[0m and container [32mstep-git-source-cb-kubecd-environment-pr-237-1-vr62n-c7rhx[0m
{"level":"info","ts":1592536109.084744,"logger":"fallback-logger","caller":"logging/config.go:69","msg":"Fetch GitHub commit ID from kodata failed: open /var/run/ko/refs/heads/0.8.0-ns-support: no such file or directory"}
{"level":"info","ts":1592536110.1726935,"logger":"fallback-logger","caller":"git/git.go:103","msg":"Successfully cloned https://github.com/cb-kubecd/environment-pr-237-1-boot-gke-staging.git @ master in path /workspace/source"}

Showing logs for build [32mcb-kubecd-environment-pr-237-1-vr62n-1[0m stage [32mfrom-build-pack[0m and container [32mstep-git-merge[0m
Using SHAs from PULL_REFS=master:5c6b85aaa3767fe10df89de89f114765ac0e73bf,4:5917b0b1981f60f9a35d468e93a2e8c1e06484ac
DEBUG: LC_ALL=C JX_LOG_LEVEL=error git fetch origin --unshallow 5917b0b1981f60f9a35d468e93a2e8c1e06484ac: 5c6b85aaa3767fe10df89de89f114765ac0e73bf:
DEBUG: ran git fetch --unshallow origin 5917b0b1981f60f9a35d468e93a2e8c1e06484ac: 5c6b85aaa3767fe10df89de89f114765ac0e73bf: in 
DEBUG: LC_ALL=C JX_LOG_LEVEL=error git branch
DEBUG: LC_ALL=C JX_LOG_LEVEL=error git checkout master
DEBUG: ran git checkout master in 
DEBUG: LC_ALL=C JX_LOG_LEVEL=error git reset --hard 5c6b85aaa3767fe10df89de89f114765ac0e73bf
DEBUG: ran git reset --hard 5c6b85aaa3767fe10df89de89f114765ac0e73bf in 
DEBUG: LC_ALL=C JX_LOG_LEVEL=error git clean -fd .
DEBUG: ran clean --force -d . in 
DEBUG: LC_ALL=C JX_LOG_LEVEL=error git merge 5917b0b1981f60f9a35d468e93a2e8c1e06484ac
DEBUG: ran git merge 5917b0b1981f60f9a35d468e93a2e8c1e06484ac in 
DEBUG: LC_ALL=C JX_LOG_LEVEL=error git log --format=%H%x1f%an%x1f%ae%x1f%cn%x1f%ce%x1f%s%n%b%x1e 5c6b85aaa3767fe10df89de89f114765ac0e73bf..HEAD
Merged SHA 5917b0b1981f60f9a35d468e93a2e8c1e06484ac with commit message 'chore: Promote bdd-sbhg-1592534465 to version 0.0.1' into base branch master

Showing logs for build [32mcb-kubecd-environment-pr-237-1-vr62n-1[0m stage [32mfrom-build-pack[0m and container [32mstep-build-helm-build[0m
WARNING: No $CHART_REPOSITORY defined so using the default value of: http://jenkins-x-chartmuseum:8080
Adding missing Helm repo: storage.googleapis.com https://storage.googleapis.com/chartmuseum.jenkins-x.io
WARNING: No secrets found on "helm/repos" due: reading the secret "helm/repos" from vault: no secret "helm/repos" not found in vault
Read credentials for https://storage.googleapis.com/chartmuseum.jenkins-x.io from vault helm/repos
Successfully added Helm repository storage.googleapis.com.
Adding missing Helm repo: jenkins-x-chartmuseum http://jenkins-x-chartmuseum:8080
WARNING: No secrets found on "helm/repos" due: reading the secret "helm/repos" from vault: no secret "helm/repos" not found in vault
Read credentials for http://jenkins-x-chartmuseum:8080 from vault helm/repos
Successfully added Helm repository jenkins-x-chartmuseum.
WARNING: No $CHART_REPOSITORY defined so using the default value of: http://jenkins-x-chartmuseum:8080
Adding missing Helm repo: chartmuseum.jenkins-x.io http://chartmuseum.jenkins-x.io
WARNING: No secrets found on "helm/repos" due: reading the secret "helm/repos" from vault: no secret "helm/repos" not found in vault
Read credentials for http://chartmuseum.jenkins-x.io from vault helm/repos
Successfully added Helm repository chartmuseum.jenkins-x.io.
