
Showing logs for build [32mcb-kubecd-environment-pr-237-1-h22cp-1[0m stage [32mfrom-build-pack[0m and container [32mstep-credential-initializer-ffwq9[0m
{"level":"info","ts":1592537166.875294,"logger":"fallback-logger","caller":"logging/config.go:69","msg":"Fetch GitHub commit ID from kodata failed: open /var/run/ko/refs/heads/0.8.0-ns-support: no such file or directory"}
{"level":"info","ts":1592537166.8761928,"logger":"fallback-logger","caller":"creds-init/main.go:40","msg":"Credentials initialized."}

Showing logs for build [32mcb-kubecd-environment-pr-237-1-h22cp-1[0m stage [32mfrom-build-pack[0m and container [32mstep-working-dir-initializer-5qsfl[0m
{"level":"info","ts":1592537168.368133,"logger":"fallback-logger","caller":"logging/config.go:69","msg":"Fetch GitHub commit ID from kodata failed: open /var/run/ko/HEAD: no such file or directory"}
{"level":"info","ts":1592537168.3702784,"logger":"fallback-logger","caller":"bash/main.go:64","msg":"Successfully executed command \"sh -c mkdir -p /workspace/source\"; output "}

Showing logs for build [32mcb-kubecd-environment-pr-237-1-h22cp-1[0m stage [32mfrom-build-pack[0m and container [32mstep-place-tools[0m

Showing logs for build [32mcb-kubecd-environment-pr-237-1-h22cp-1[0m stage [32mfrom-build-pack[0m and container [32mstep-git-source-cb-kubecd-environment-pr-237-1-h22cp-4phqn[0m
{"level":"info","ts":1592537172.3466508,"logger":"fallback-logger","caller":"logging/config.go:69","msg":"Fetch GitHub commit ID from kodata failed: open /var/run/ko/refs/heads/0.8.0-ns-support: no such file or directory"}
{"level":"info","ts":1592537173.5103319,"logger":"fallback-logger","caller":"git/git.go:103","msg":"Successfully cloned https://github.com/cb-kubecd/environment-pr-237-1-boot-gke-staging.git @ master in path /workspace/source"}

Showing logs for build [32mcb-kubecd-environment-pr-237-1-h22cp-1[0m stage [32mfrom-build-pack[0m and container [32mstep-git-merge[0m
Using SHAs from PULL_REFS=master:eb3b466a8cb61531d34875c2bffe7fe41a1859a2,5:4534ed2805cb2371df0bbf6f0f8dfe26c2f0be2c
DEBUG: LC_ALL=C JX_LOG_LEVEL=error git fetch origin --unshallow 4534ed2805cb2371df0bbf6f0f8dfe26c2f0be2c: eb3b466a8cb61531d34875c2bffe7fe41a1859a2:
DEBUG: ran git fetch --unshallow origin 4534ed2805cb2371df0bbf6f0f8dfe26c2f0be2c: eb3b466a8cb61531d34875c2bffe7fe41a1859a2: in 
DEBUG: JX_LOG_LEVEL=error LC_ALL=C git branch
DEBUG: JX_LOG_LEVEL=error LC_ALL=C git checkout master
DEBUG: ran git checkout master in 
DEBUG: LC_ALL=C JX_LOG_LEVEL=error git reset --hard eb3b466a8cb61531d34875c2bffe7fe41a1859a2
DEBUG: ran git reset --hard eb3b466a8cb61531d34875c2bffe7fe41a1859a2 in 
DEBUG: LC_ALL=C JX_LOG_LEVEL=error git clean -fd .
DEBUG: ran clean --force -d . in 
DEBUG: JX_LOG_LEVEL=error LC_ALL=C git merge 4534ed2805cb2371df0bbf6f0f8dfe26c2f0be2c
DEBUG: ran git merge 4534ed2805cb2371df0bbf6f0f8dfe26c2f0be2c in 
DEBUG: LC_ALL=C JX_LOG_LEVEL=error git log --format=%H%x1f%an%x1f%ae%x1f%cn%x1f%ce%x1f%s%n%b%x1e eb3b466a8cb61531d34875c2bffe7fe41a1859a2..HEAD
Merged SHA 4534ed2805cb2371df0bbf6f0f8dfe26c2f0be2c with commit message 'chore: Promote bdd-sbhg-import-1592536754 to version 0.0.1' into base branch master

Showing logs for build [32mcb-kubecd-environment-pr-237-1-h22cp-1[0m stage [32mfrom-build-pack[0m and container [32mstep-build-helm-build[0m
WARNING: No $CHART_REPOSITORY defined so using the default value of: http://jenkins-x-chartmuseum:8080
Adding missing Helm repo: storage.googleapis.com https://storage.googleapis.com/chartmuseum.jenkins-x.io
WARNING: No secrets found on "helm/repos" due: reading the secret "helm/repos" from vault: no secret "helm/repos" not found in vault
Read credentials for https://storage.googleapis.com/chartmuseum.jenkins-x.io from vault helm/repos
Successfully added Helm repository storage.googleapis.com.
Adding missing Helm repo: jenkins-x-chartmuseum http://jenkins-x-chartmuseum:8080
WARNING: No secrets found on "helm/repos" due: reading the secret "helm/repos" from vault: no secret "helm/repos" not found in vault
Read credentials for http://jenkins-x-chartmuseum:8080 from vault helm/repos
Successfully added Helm repository jenkins-x-chartmuseum.
WARNING: No $CHART_REPOSITORY defined so using the default value of: http://jenkins-x-chartmuseum:8080
Adding missing Helm repo: chartmuseum.jenkins-x.io http://chartmuseum.jenkins-x.io
WARNING: No secrets found on "helm/repos" due: reading the secret "helm/repos" from vault: no secret "helm/repos" not found in vault
Read credentials for http://chartmuseum.jenkins-x.io from vault helm/repos
Successfully added Helm repository chartmuseum.jenkins-x.io.
