
Showing logs for build [32mcb-kubecd-environment-pr-237-1-r96sz-1[0m stage [32mfrom-build-pack[0m and container [32mstep-credential-initializer-p4t2c[0m
{"level":"info","ts":1592535381.5632658,"logger":"fallback-logger","caller":"logging/config.go:69","msg":"Fetch GitHub commit ID from kodata failed: open /var/run/ko/refs/heads/0.8.0-ns-support: no such file or directory"}
{"level":"info","ts":1592535381.563856,"logger":"fallback-logger","caller":"creds-init/main.go:40","msg":"Credentials initialized."}

Showing logs for build [32mcb-kubecd-environment-pr-237-1-r96sz-1[0m stage [32mfrom-build-pack[0m and container [32mstep-working-dir-initializer-9n2xh[0m
{"level":"info","ts":1592535382.5440395,"logger":"fallback-logger","caller":"logging/config.go:69","msg":"Fetch GitHub commit ID from kodata failed: open /var/run/ko/HEAD: no such file or directory"}
{"level":"info","ts":1592535382.5457442,"logger":"fallback-logger","caller":"bash/main.go:64","msg":"Successfully executed command \"sh -c mkdir -p /workspace/source\"; output "}

Showing logs for build [32mcb-kubecd-environment-pr-237-1-r96sz-1[0m stage [32mfrom-build-pack[0m and container [32mstep-place-tools[0m

Showing logs for build [32mcb-kubecd-environment-pr-237-1-r96sz-1[0m stage [32mfrom-build-pack[0m and container [32mstep-git-source-cb-kubecd-environment-pr-237-1-r96sz-2mqml[0m
{"level":"info","ts":1592535388.8801103,"logger":"fallback-logger","caller":"logging/config.go:69","msg":"Fetch GitHub commit ID from kodata failed: open /var/run/ko/refs/heads/0.8.0-ns-support: no such file or directory"}
{"level":"info","ts":1592535390.007654,"logger":"fallback-logger","caller":"git/git.go:103","msg":"Successfully cloned https://github.com/cb-kubecd/environment-pr-237-1-boot-gke-staging.git @ master in path /workspace/source"}

Showing logs for build [32mcb-kubecd-environment-pr-237-1-r96sz-1[0m stage [32mfrom-build-pack[0m and container [32mstep-git-merge[0m
Using SHAs from PULL_REFS=master:320cff6103aca9e4c7617f26a071a0e2061690f7,3:d386e41b2c8fb1b4fc5e8c01abc2ccf1955695d7
DEBUG: LC_ALL=C JX_LOG_LEVEL=error git fetch origin --unshallow d386e41b2c8fb1b4fc5e8c01abc2ccf1955695d7: 320cff6103aca9e4c7617f26a071a0e2061690f7:
DEBUG: ran git fetch --unshallow origin d386e41b2c8fb1b4fc5e8c01abc2ccf1955695d7: 320cff6103aca9e4c7617f26a071a0e2061690f7: in 
DEBUG: LC_ALL=C JX_LOG_LEVEL=error git branch
DEBUG: LC_ALL=C JX_LOG_LEVEL=error git checkout master
DEBUG: ran git checkout master in 
DEBUG: LC_ALL=C JX_LOG_LEVEL=error git reset --hard 320cff6103aca9e4c7617f26a071a0e2061690f7
DEBUG: ran git reset --hard 320cff6103aca9e4c7617f26a071a0e2061690f7 in 
DEBUG: LC_ALL=C JX_LOG_LEVEL=error git clean -fd .
DEBUG: ran clean --force -d . in 
DEBUG: LC_ALL=C JX_LOG_LEVEL=error git merge d386e41b2c8fb1b4fc5e8c01abc2ccf1955695d7
DEBUG: ran git merge d386e41b2c8fb1b4fc5e8c01abc2ccf1955695d7 in 
DEBUG: LC_ALL=C JX_LOG_LEVEL=error git log --format=%H%x1f%an%x1f%ae%x1f%cn%x1f%ce%x1f%s%n%b%x1e 320cff6103aca9e4c7617f26a071a0e2061690f7..HEAD
Merged SHA d386e41b2c8fb1b4fc5e8c01abc2ccf1955695d7 with commit message 'chore: Promote bdd-gh-1592534465 to version 0.0.1' into base branch master

Showing logs for build [32mcb-kubecd-environment-pr-237-1-r96sz-1[0m stage [32mfrom-build-pack[0m and container [32mstep-build-helm-build[0m
WARNING: No $CHART_REPOSITORY defined so using the default value of: http://jenkins-x-chartmuseum:8080
Adding missing Helm repo: storage.googleapis.com https://storage.googleapis.com/chartmuseum.jenkins-x.io
WARNING: No secrets found on "helm/repos" due: reading the secret "helm/repos" from vault: no secret "helm/repos" not found in vault
Read credentials for https://storage.googleapis.com/chartmuseum.jenkins-x.io from vault helm/repos
Successfully added Helm repository storage.googleapis.com.
Adding missing Helm repo: jenkins-x-chartmuseum http://jenkins-x-chartmuseum:8080
WARNING: No secrets found on "helm/repos" due: reading the secret "helm/repos" from vault: no secret "helm/repos" not found in vault
Read credentials for http://jenkins-x-chartmuseum:8080 from vault helm/repos
Successfully added Helm repository jenkins-x-chartmuseum.
WARNING: No $CHART_REPOSITORY defined so using the default value of: http://jenkins-x-chartmuseum:8080
Adding missing Helm repo: chartmuseum.jenkins-x.io http://chartmuseum.jenkins-x.io
WARNING: No secrets found on "helm/repos" due: reading the secret "helm/repos" from vault: no secret "helm/repos" not found in vault
Read credentials for http://chartmuseum.jenkins-x.io from vault helm/repos
Successfully added Helm repository chartmuseum.jenkins-x.io.
