
Showing logs for build [32mcb-kubecd-environment-pr-237-1-nn5tj-1[0m stage [32mfrom-build-pack[0m and container [32mstep-credential-initializer-pn9qm[0m
{"level":"info","ts":1592533696.9991713,"logger":"fallback-logger","caller":"logging/config.go:69","msg":"Fetch GitHub commit ID from kodata failed: open /var/run/ko/refs/heads/0.8.0-ns-support: no such file or directory"}
{"level":"info","ts":1592533696.9998934,"logger":"fallback-logger","caller":"creds-init/main.go:40","msg":"Credentials initialized."}

Showing logs for build [32mcb-kubecd-environment-pr-237-1-nn5tj-1[0m stage [32mfrom-build-pack[0m and container [32mstep-working-dir-initializer-45q7b[0m
{"level":"info","ts":1592533697.9797435,"logger":"fallback-logger","caller":"logging/config.go:69","msg":"Fetch GitHub commit ID from kodata failed: open /var/run/ko/HEAD: no such file or directory"}
{"level":"info","ts":1592533697.9818373,"logger":"fallback-logger","caller":"bash/main.go:64","msg":"Successfully executed command \"sh -c mkdir -p /workspace/source\"; output "}

Showing logs for build [32mcb-kubecd-environment-pr-237-1-nn5tj-1[0m stage [32mfrom-build-pack[0m and container [32mstep-place-tools[0m

Showing logs for build [32mcb-kubecd-environment-pr-237-1-nn5tj-1[0m stage [32mfrom-build-pack[0m and container [32mstep-git-source-cb-kubecd-environment-pr-237-1-nn5tj-z5x5s[0m
{"level":"info","ts":1592533702.1359432,"logger":"fallback-logger","caller":"logging/config.go:69","msg":"Fetch GitHub commit ID from kodata failed: open /var/run/ko/refs/heads/0.8.0-ns-support: no such file or directory"}
{"level":"info","ts":1592533703.1702158,"logger":"fallback-logger","caller":"git/git.go:103","msg":"Successfully cloned https://github.com/cb-kubecd/environment-pr-237-1-boot-gke-staging.git @ master in path /workspace/source"}

Showing logs for build [32mcb-kubecd-environment-pr-237-1-nn5tj-1[0m stage [32mfrom-build-pack[0m and container [32mstep-git-merge[0m
Using SHAs from PULL_REFS=master:8c3b34f3c22829a3940d602ff83dbdf7b604980c,1:0586c29db5e89b3e2594f63b38ca5c7f15cd168b
DEBUG: LC_ALL=C JX_LOG_LEVEL=error git fetch origin --unshallow 0586c29db5e89b3e2594f63b38ca5c7f15cd168b: 8c3b34f3c22829a3940d602ff83dbdf7b604980c:
DEBUG: ran git fetch --unshallow origin 0586c29db5e89b3e2594f63b38ca5c7f15cd168b: 8c3b34f3c22829a3940d602ff83dbdf7b604980c: in 
DEBUG: LC_ALL=C JX_LOG_LEVEL=error git branch
DEBUG: LC_ALL=C JX_LOG_LEVEL=error git checkout master
DEBUG: ran git checkout master in 
DEBUG: LC_ALL=C JX_LOG_LEVEL=error git reset --hard 8c3b34f3c22829a3940d602ff83dbdf7b604980c
DEBUG: ran git reset --hard 8c3b34f3c22829a3940d602ff83dbdf7b604980c in 
DEBUG: LC_ALL=C JX_LOG_LEVEL=error git clean -fd .
DEBUG: ran clean --force -d . in 
DEBUG: LC_ALL=C JX_LOG_LEVEL=error git merge 0586c29db5e89b3e2594f63b38ca5c7f15cd168b
DEBUG: ran git merge 0586c29db5e89b3e2594f63b38ca5c7f15cd168b in 
DEBUG: LC_ALL=C JX_LOG_LEVEL=error git log --format=%H%x1f%an%x1f%ae%x1f%cn%x1f%ce%x1f%s%n%b%x1e 8c3b34f3c22829a3940d602ff83dbdf7b604980c..HEAD
Merged SHA 0586c29db5e89b3e2594f63b38ca5c7f15cd168b with commit message 'chore: Promote bdd-spring-1592533390 to version 0.0.1' into base branch master

Showing logs for build [32mcb-kubecd-environment-pr-237-1-nn5tj-1[0m stage [32mfrom-build-pack[0m and container [32mstep-build-helm-build[0m
WARNING: No $CHART_REPOSITORY defined so using the default value of: http://jenkins-x-chartmuseum:8080
Adding missing Helm repo: storage.googleapis.com https://storage.googleapis.com/chartmuseum.jenkins-x.io
WARNING: No secrets found on "helm/repos" due: reading the secret "helm/repos" from vault: no secret "helm/repos" not found in vault
Read credentials for https://storage.googleapis.com/chartmuseum.jenkins-x.io from vault helm/repos
Successfully added Helm repository storage.googleapis.com.
Adding missing Helm repo: jenkins-x-chartmuseum http://jenkins-x-chartmuseum:8080
WARNING: No secrets found on "helm/repos" due: reading the secret "helm/repos" from vault: no secret "helm/repos" not found in vault
Read credentials for http://jenkins-x-chartmuseum:8080 from vault helm/repos
Successfully added Helm repository jenkins-x-chartmuseum.
WARNING: No $CHART_REPOSITORY defined so using the default value of: http://jenkins-x-chartmuseum:8080
Adding missing Helm repo: chartmuseum.jenkins-x.io http://chartmuseum.jenkins-x.io
WARNING: No secrets found on "helm/repos" due: reading the secret "helm/repos" from vault: no secret "helm/repos" not found in vault
Read credentials for http://chartmuseum.jenkins-x.io from vault helm/repos
Successfully added Helm repository chartmuseum.jenkins-x.io.
